2018-9-9 19:36:03 org.apache.coyote.http11.Http11Protocol pause
信息: Pausing Coyote HTTP/1.1 on http-89
2018-9-9 19:36:04 org.apache.catalina.core.StandardService stop
信息: Stopping service Catalina
2018-9-9 19:36:10 org.apache.catalina.loader.WebappClassLoader clearReferencesThreads
严重: The web application [/seeyon] appears to have started a thread named [DBConnectionPoolingMonitor] but has failed to stop it. This is very likely to create a memory leak.
2018-9-9 19:36:10 org.apache.catalina.loader.WebappClassLoader clearReferencesThreads
严重: The web application [/seeyon] appears to have started a thread named [A8TimerHolder] but has failed to stop it. This is very likely to create a memory leak.
2018-9-9 19:36:10 org.apache.catalina.loader.WebappClassLoader clearReferencesThreads
严重: The web application [/seeyon] appears to have started a thread named [CtpOnlineTimer] but has failed to stop it. This is very likely to create a memory leak.
2018-9-9 19:36:10 org.apache.catalina.loader.WebappClassLoader clearReferencesThreads
严重: The web application [/seeyon] appears to have started a thread named [OnlineNotificationWorker] but has failed to stop it. This is very likely to create a memory leak.
2018-9-9 19:36:10 org.apache.catalina.loader.WebappClassLoader clearReferencesThreads
严重: The web application [/seeyon] appears to have started a thread named [FormTriggerExecuteWorker] but has failed to stop it. This is very likely to create a memory leak.
2018-9-9 19:36:10 org.apache.catalina.loader.WebappClassLoader clearReferencesThreads
严重: The web application [/seeyon] appears to have started a thread named [QuartzScheduler_Worker-7] but has failed to stop it. This is very likely to create a memory leak.
2018-9-9 19:36:10 org.apache.catalina.loader.WebappClassLoader clearReferencesThreads
严重: The web application [/seeyon] appears to have started a thread named [ClusterManager events dispatcher] but has failed to stop it. This is very likely to create a memory leak.
2018-9-9 19:36:10 org.apache.catalina.loader.WebappClassLoader clearReferencesThreads
严重: The web application [/seeyon] appears to have started a thread named [Index-ParseJob-local] but has failed to stop it. This is very likely to create a memory leak.
2018-9-9 19:36:10 org.apache.catalina.loader.WebappClassLoader clearReferencesThreads
严重: The web application [/seeyon] appears to have started a thread named [Index-FileJob-local] but has failed to stop it. This is very likely to create a memory leak.
2018-9-9 19:36:10 org.apache.catalina.loader.WebappClassLoader clearReferencesThreads
严重: The web application [/seeyon] appears to have started a thread named [Timer-0] but has failed to stop it. This is very likely to create a memory leak.
2018-9-9 19:36:10 org.apache.catalina.loader.WebappClassLoader clearReferencesThreads
严重: The web application [/seeyon] appears to have started a thread named [Index-IDJob-local] but has failed to stop it. This is very likely to create a memory leak.
2018-9-9 19:36:10 org.apache.catalina.loader.WebappClassLoader clearReferencesThreads
严重: The web application [/seeyon] appears to have started a thread named [Index-DBJob-local] but has failed to stop it. This is very likely to create a memory leak.
2018-9-9 19:36:10 org.apache.catalina.loader.WebappClassLoader clearReferencesThreads
严重: The web application [/seeyon] appears to have started a thread named [Thread-25] but has failed to stop it. This is very likely to create a memory leak.
2018-9-9 19:36:10 org.apache.catalina.loader.WebappClassLoader checkThreadLocalMapForLeaks
严重: The web application [/seeyon] created a ThreadLocal with key of type [com.sun.xml.bind.v2.ClassFactory$1] (value [com.sun.xml.bind.v2.ClassFactory$1@2a68486c]) and a value of type [java.util.WeakHashMap] (value [{class javax.xml.bind.annotation.W3CDomHandler=java.lang.ref.WeakReference@246ac034}]) but failed to remove it when the web application was stopped. This is very likely to create a memory leak.
2018-9-9 19:36:10 org.apache.catalina.loader.WebappClassLoader checkThreadLocalMapForLeaks
严重: The web application [/seeyon] created a ThreadLocal with key of type [org.springframework.core.NamedThreadLocal] (value [Transaction synchronizations]) and a value of type [java.util.LinkedHashSet] (value [[]]) but failed to remove it when the web application was stopped. This is very likely to create a memory leak.
2018-9-9 19:36:10 org.apache.catalina.loader.WebappClassLoader checkThreadLocalMapForLeaks
严重: The web application [/seeyon] created a ThreadLocal with key of type [org.springframework.core.NamedThreadLocal] (value [Current transaction name]) and a value of type [java.lang.String] (value [com.seeyon.apps.uc.manager.S2SManagerImpl.getS2STime]) but failed to remove it when the web application was stopped. This is very likely to create a memory leak.
2018-9-9 19:36:10 org.apache.catalina.loader.WebappClassLoader checkThreadLocalMapForLeaks
严重: The web application [/seeyon] created a ThreadLocal with key of type [org.springframework.core.NamedThreadLocal] (value [Current AOP method invocation]) and a value of type [org.springframework.aop.framework.Cglib2AopProxy.CglibMethodInvocation] (value [ReflectiveMethodInvocation: public org.xmpp.packet.Packet com.seeyon.apps.uc.util.S2SUtil.getPacket(java.lang.String) throws java.lang.Exception; target is of class [com.seeyon.apps.uc.util.S2SUtil]]) but failed to remove it when the web application was stopped. This is very likely to create a memory leak.
2018-9-9 19:36:10 org.apache.catalina.loader.WebappClassLoader checkThreadLocalMapForLeaks
严重: The web application [/seeyon] created a ThreadLocal with key of type [org.springframework.core.NamedThreadLocal] (value [Current aspect-driven transaction]) and a value of type [org.springframework.transaction.interceptor.TransactionAspectSupport.TransactionInfo] (value [PROPAGATION_SUPPORTS,ISOLATION_DEFAULT,-com.seeyon.ctp.common.exceptions.BusinessException]) but failed to remove it when the web application was stopped. This is very likely to create a memory leak.
2018-9-9 19:36:10 org.apache.catalina.loader.WebappClassLoader checkThreadLocalMapForLeaks
严重: The web application [/seeyon] created a ThreadLocal with key of type [com.seeyon.ctp.util.DateUtil$1] (value [com.seeyon.ctp.util.DateUtil$1@37fdda09]) and a value of type [java.text.SimpleDateFormat] (value [java.text.SimpleDateFormat@4f76f1a0]) but failed to remove it when the web application was stopped. This is very likely to create a memory leak.
2018-9-9 19:36:10 org.apache.catalina.loader.WebappClassLoader checkThreadLocalMapForLeaks
严重: The web application [/seeyon] created a ThreadLocal with key of type [com.seeyon.ctp.util.DateUtil$1] (value [com.seeyon.ctp.util.DateUtil$1@37fdda09]) and a value of type [java.text.SimpleDateFormat] (value [java.text.SimpleDateFormat@4f76f1a0]) but failed to remove it when the web application was stopped. This is very likely to create a memory leak.
2018-9-9 19:36:10 org.apache.catalina.loader.WebappClassLoader checkThreadLocalMapForLeaks
严重: The web application [/seeyon] created a ThreadLocal with key of type [com.seeyon.ctp.util.DateUtil$1] (value [com.seeyon.ctp.util.DateUtil$1@37fdda09]) and a value of type [java.text.SimpleDateFormat] (value [java.text.SimpleDateFormat@4f76f1a0]) but failed to remove it when the web application was stopped. This is very likely to create a memory leak.
2018-9-9 19:36:10 org.apache.catalina.loader.WebappClassLoader checkThreadLocalMapForLeaks
严重: The web application [/seeyon] created a ThreadLocal with key of type [com.seeyon.ctp.util.DateUtil$1] (value [com.seeyon.ctp.util.DateUtil$1@37fdda09]) and a value of type [java.text.SimpleDateFormat] (value [java.text.SimpleDateFormat@4f76f1a0]) but failed to remove it when the web application was stopped. This is very likely to create a memory leak.
2018-9-9 19:36:10 org.apache.catalina.loader.WebappClassLoader checkThreadLocalMapForLeaks
严重: The web application [/seeyon] created a ThreadLocal with key of type [com.seeyon.ctp.util.DateUtil$1] (value [com.seeyon.ctp.util.DateUtil$1@37fdda09]) and a value of type [java.text.SimpleDateFormat] (value [java.text.SimpleDateFormat@4f76f1a0]) but failed to remove it when the web application was stopped. This is very likely to create a memory leak.
2018-9-9 19:36:10 org.apache.catalina.loader.WebappClassLoader checkThreadLocalMapForLeaks
严重: The web application [/seeyon] created a ThreadLocal with key of type [com.seeyon.ctp.util.DateUtil$1] (value [com.seeyon.ctp.util.DateUtil$1@37fdda09]) and a value of type [java.text.SimpleDateFormat] (value [java.text.SimpleDateFormat@4f76f1a0]) but failed to remove it when the web application was stopped. This is very likely to create a memory leak.
2018-9-9 19:36:10 org.apache.catalina.loader.WebappClassLoader checkThreadLocalMapForLeaks
严重: The web application [/seeyon] created a ThreadLocal with key of type [com.seeyon.ctp.util.DateUtil$1] (value [com.seeyon.ctp.util.DateUtil$1@37fdda09]) and a value of type [java.text.SimpleDateFormat] (value [java.text.SimpleDateFormat@4f76f1a0]) but failed to remove it when the web application was stopped. This is very likely to create a memory leak.
2018-9-9 19:36:10 org.apache.catalina.loader.WebappClassLoader checkThreadLocalMapForLeaks
严重: The web application [/seeyon] created a ThreadLocal with key of type [com.seeyon.ctp.util.DateUtil$1] (value [com.seeyon.ctp.util.DateUtil$1@37fdda09]) and a value of type [java.text.SimpleDateFormat] (value [java.text.SimpleDateFormat@4f76f1a0]) but failed to remove it when the web application was stopped. This is very likely to create a memory leak.
2018-9-9 19:36:10 org.apache.catalina.loader.WebappClassLoader checkThreadLocalMapForLeaks
严重: The web application [/seeyon] created a ThreadLocal with key of type [com.seeyon.ctp.util.DateUtil$1] (value [com.seeyon.ctp.util.DateUtil$1@37fdda09]) and a value of type [java.text.SimpleDateFormat] (value [java.text.SimpleDateFormat@4f76f1a0]) but failed to remove it when the web application was stopped. This is very likely to create a memory leak.
2018-9-9 19:36:10 org.apache.catalina.loader.WebappClassLoader checkThreadLocalMapForLeaks
严重: The web application [/seeyon] created a ThreadLocal with key of type [com.seeyon.ctp.util.DateUtil$1] (value [com.seeyon.ctp.util.DateUtil$1@37fdda09]) and a value of type [java.text.SimpleDateFormat] (value [java.text.SimpleDateFormat@4f76f1a0]) but failed to remove it when the web application was stopped. This is very likely to create a memory leak.
2018-9-9 19:36:10 org.apache.catalina.loader.WebappClassLoader checkThreadLocalMapForLeaks
严重: The web application [/seeyon] created a ThreadLocal with key of type [com.seeyon.ctp.util.DateUtil$1] (value [com.seeyon.ctp.util.DateUtil$1@37fdda09]) and a value of type [java.text.SimpleDateFormat] (value [java.text.SimpleDateFormat@4f76f1a0]) but failed to remove it when the web application was stopped. This is very likely to create a memory leak.
2018-9-9 19:36:10 org.apache.catalina.loader.WebappClassLoader checkThreadLocalMapForLeaks
严重: The web application [/seeyon] created a ThreadLocal with key of type [com.seeyon.ctp.util.DateUtil$1] (value [com.seeyon.ctp.util.DateUtil$1@37fdda09]) and a value of type [java.text.SimpleDateFormat] (value [java.text.SimpleDateFormat@4f76f1a0]) but failed to remove it when the web application was stopped. This is very likely to create a memory leak.
2018-9-9 19:36:10 org.apache.catalina.loader.WebappClassLoader checkThreadLocalMapForLeaks
严重: The web application [/seeyon] created a ThreadLocal with key of type [com.seeyon.ctp.util.DateUtil$1] (value [com.seeyon.ctp.util.DateUtil$1@37fdda09]) and a value of type [java.text.SimpleDateFormat] (value [java.text.SimpleDateFormat@4f76f1a0]) but failed to remove it when the web application was stopped. This is very likely to create a memory leak.
2018-9-9 19:36:10 org.apache.catalina.loader.WebappClassLoader checkThreadLocalMapForLeaks
严重: The web application [/seeyon] created a ThreadLocal with key of type [com.seeyon.ctp.util.DateUtil$1] (value [com.seeyon.ctp.util.DateUtil$1@37fdda09]) and a value of type [java.text.SimpleDateFormat] (value [java.text.SimpleDateFormat@4f76f1a0]) but failed to remove it when the web application was stopped. This is very likely to create a memory leak.
2018-9-9 19:36:10 org.apache.catalina.loader.WebappClassLoader checkThreadLocalMapForLeaks
严重: The web application [/seeyon] created a ThreadLocal with key of type [com.seeyon.ctp.util.DateUtil$1] (value [com.seeyon.ctp.util.DateUtil$1@37fdda09]) and a value of type [java.text.SimpleDateFormat] (value [java.text.SimpleDateFormat@4f76f1a0]) but failed to remove it when the web application was stopped. This is very likely to create a memory leak.
2018-9-9 19:36:10 org.apache.catalina.loader.WebappClassLoader checkThreadLocalMapForLeaks
严重: The web application [/seeyon] created a ThreadLocal with key of type [com.seeyon.ctp.util.DateUtil$1] (value [com.seeyon.ctp.util.DateUtil$1@37fdda09]) and a value of type [java.text.SimpleDateFormat] (value [java.text.SimpleDateFormat@4f76f1a0]) but failed to remove it when the web application was stopped. This is very likely to create a memory leak.
2018-9-9 19:36:10 org.apache.catalina.loader.WebappClassLoader checkThreadLocalMapForLeaks
严重: The web application [/seeyon] created a ThreadLocal with key of type [com.seeyon.ctp.util.DateUtil$1] (value [com.seeyon.ctp.util.DateUtil$1@37fdda09]) and a value of type [java.text.SimpleDateFormat] (value [java.text.SimpleDateFormat@4f76f1a0]) but failed to remove it when the web application was stopped. This is very likely to create a memory leak.
2018-9-9 19:36:11 org.apache.catalina.loader.WebappClassLoader checkThreadLocalMapForLeaks
严重: The web application [/seeyon] created a ThreadLocal with key of type [com.seeyon.ctp.util.DateUtil$1] (value [com.seeyon.ctp.util.DateUtil$1@37fdda09]) and a value of type [java.text.SimpleDateFormat] (value [java.text.SimpleDateFormat@4f76f1a0]) but failed to remove it when the web application was stopped. This is very likely to create a memory leak.
2018-9-9 19:36:11 org.apache.catalina.loader.WebappClassLoader checkThreadLocalMapForLeaks
严重: The web application [/seeyon] created a ThreadLocal with key of type [com.seeyon.ctp.util.DateUtil$1] (value [com.seeyon.ctp.util.DateUtil$1@37fdda09]) and a value of type [java.text.SimpleDateFormat] (value [java.text.SimpleDateFormat@4f76f1a0]) but failed to remove it when the web application was stopped. This is very likely to create a memory leak.
2018-9-9 19:36:11 org.apache.catalina.loader.WebappClassLoader checkThreadLocalMapForLeaks
严重: The web application [/seeyon] created a ThreadLocal with key of type [com.seeyon.ctp.util.DateUtil$1] (value [com.seeyon.ctp.util.DateUtil$1@37fdda09]) and a value of type [java.text.SimpleDateFormat] (value [java.text.SimpleDateFormat@4f76f1a0]) but failed to remove it when the web application was stopped. This is very likely to create a memory leak.
2018-9-9 19:36:11 org.apache.catalina.loader.WebappClassLoader checkThreadLocalMapForLeaks
严重: The web application [/seeyon] created a ThreadLocal with key of type [com.seeyon.ctp.util.DateUtil$1] (value [com.seeyon.ctp.util.DateUtil$1@37fdda09]) and a value of type [java.text.SimpleDateFormat] (value [java.text.SimpleDateFormat@4f76f1a0]) but failed to remove it when the web application was stopped. This is very likely to create a memory leak.
2018-9-9 19:36:11 org.apache.catalina.loader.WebappClassLoader checkThreadLocalMapForLeaks
严重: The web application [/seeyon] created a ThreadLocal with key of type [com.seeyon.ctp.util.DateUtil$1] (value [com.seeyon.ctp.util.DateUtil$1@37fdda09]) and a value of type [java.text.SimpleDateFormat] (value [java.text.SimpleDateFormat@4f76f1a0]) but failed to remove it when the web application was stopped. This is very likely to create a memory leak.
2018-9-9 19:36:17 org.apache.catalina.loader.WebappClassLoader clearReferencesJdbc
严重: The web application [/seeyonreport] registered the JDBC driver [com.fr.third.org.hsqldb.jdbcDriver] but failed to unregister it when the web application was stopped. To prevent a memory leak, the JDBC Driver has been forcibly unregistered.
2018-9-9 19:36:17 org.apache.catalina.loader.WebappClassLoader clearReferencesThreads
严重: The web application [/seeyonreport] appears to have started a thread named [Timer-1] but has failed to stop it. This is very likely to create a memory leak.
2018-9-9 19:36:17 org.apache.catalina.loader.WebappClassLoader clearReferencesThreads
严重: The web application [/seeyonreport] appears to have started a thread named [QuartzScheduler_Worker-1] but has failed to stop it. This is very likely to create a memory leak.
2018-9-9 19:36:17 org.apache.catalina.loader.WebappClassLoader clearReferencesThreads
严重: The web application [/seeyonreport] appears to have started a thread named [QuartzScheduler_Worker-2] but has failed to stop it. This is very likely to create a memory leak.
2018-9-9 19:36:17 org.apache.catalina.loader.WebappClassLoader clearReferencesThreads
严重: The web application [/seeyonreport] appears to have started a thread named [QuartzScheduler_Worker-3] but has failed to stop it. This is very likely to create a memory leak.
2018-9-9 19:36:17 org.apache.catalina.loader.WebappClassLoader clearReferencesThreads
严重: The web application [/seeyonreport] appears to have started a thread named [QuartzScheduler_Worker-4] but has failed to stop it. This is very likely to create a memory leak.
2018-9-9 19:36:17 org.apache.catalina.loader.WebappClassLoader clearReferencesThreads
严重: The web application [/seeyonreport] appears to have started a thread named [QuartzScheduler_Worker-5] but has failed to stop it. This is very likely to create a memory leak.
2018-9-9 19:36:17 org.apache.catalina.loader.WebappClassLoader clearReferencesThreads
严重: The web application [/seeyonreport] appears to have started a thread named [QuartzScheduler_Worker-6] but has failed to stop it. This is very likely to create a memory leak.
2018-9-9 19:36:17 org.apache.catalina.loader.WebappClassLoader clearReferencesThreads
严重: The web application [/seeyonreport] appears to have started a thread named [QuartzScheduler_Worker-7] but has failed to stop it. This is very likely to create a memory leak.
2018-9-9 19:36:17 org.apache.catalina.loader.WebappClassLoader clearReferencesThreads
严重: The web application [/seeyonreport] appears to have started a thread named [QuartzScheduler_Worker-8] but has failed to stop it. This is very likely to create a memory leak.
2018-9-9 19:36:17 org.apache.catalina.loader.WebappClassLoader clearReferencesThreads
严重: The web application [/seeyonreport] appears to have started a thread named [QuartzScheduler_Worker-9] but has failed to stop it. This is very likely to create a memory leak.
2018-9-9 19:36:17 org.apache.catalina.loader.WebappClassLoader clearReferencesThreads
严重: The web application [/seeyonreport] appears to have started a thread named [QuartzScheduler_Worker-10] but has failed to stop it. This is very likely to create a memory leak.
2018-9-9 19:36:18 org.apache.coyote.http11.Http11Protocol destroy
信息: Stopping Coyote HTTP/1.1 on http-89
2018-9-9 19:36:30 org.apache.catalina.core.AprLifecycleListener init
信息: The APR based Apache Tomcat Native library which allows optimal performance in production environments was not found on the java.library.path: D:\Seeyon\A8\jdk\bin;C:\Windows\Sun\Java\bin;C:\Windows\system32;C:\Windows;C:\ProgramData\Oracle\Java\javapath;C:\Windows\system32;C:\Windows;C:\Windows\System32\Wbem;C:\Windows\System32\WindowsPowerShell\v1.0\;D:\Program Files (x86)\Microsoft SQL Server\100\Tools\Binn\;D:\Program Files\Microsoft SQL Server\100\Tools\Binn\;D:\Program Files\Microsoft SQL Server\100\DTS\Binn\;D:\Program Files (x86)\Microsoft SQL Server\100\Tools\Binn\VSShell\Common7\IDE\;C:\Program Files (x86)\Microsoft Visual Studio 9.0\Common7\IDE\PrivateAssemblies\;D:\Program Files (x86)\Microsoft SQL Server\100\DTS\Binn\;D:\Seeyon\A8\..\UC\bin;D:\Seeyon\A8\..\UC\bin;D:\Seeyon\A8\..\UC\bin;D:\php;D:\php\ext;C:\Program Files\MySQL\MySQL Server 5.5\bin;D:\javatool\jdk18\BIN;D:\javatool\jdk18\jre\bin;D:\php;D:php\ext;D:\Seeyon\A8\..\UC\bin;d:\seeyon\a8\seeyonearth\jdk\jre\bin;.
2018-9-9 19:36:31 org.apache.coyote.http11.Http11Protocol init
信息: Initializing Coyote HTTP/1.1 on http-89
2018-9-9 19:36:31 org.apache.catalina.startup.Catalina load
信息: Initialization processed in 1828 ms
2018-9-9 19:36:33 org.apache.catalina.realm.JAASRealm setContainer
信息: Set JAAS app name Catalina
2018-9-9 19:36:33 org.apache.catalina.core.StandardService start
信息: Starting service Catalina
2018-9-9 19:36:33 org.apache.catalina.core.StandardEngine start
信息: Starting Servlet Engine: Apache Tomcat/6.0.41
2018-9-9 19:36:33 org.apache.catalina.startup.HostConfig deployDescriptor
信息: Deploying configuration descriptor ROOT.xml
2018-9-9 19:36:33 org.apache.catalina.startup.HostConfig deployDescriptor
警告: A docBase D:\Seeyon\A8\ApacheJetspeed\webapps\ROOT inside the host appBase has been specified, and will be ignored
2018-9-9 19:36:34 org.apache.catalina.startup.HostConfig deployDescriptor
信息: Deploying configuration descriptor seeyon.xml
2018-9-9 19:36:42 com.sun.jersey.api.core.PackagesResourceConfig init
信息: Scanning for root resource and provider classes in the packages:
  com.seeyon.ctp.rest.resources
  org.codehaus.jackson.jaxrs
2018-9-9 19:36:43 com.sun.jersey.api.core.ScanningResourceConfig logClasses
信息: Root resource classes found:
  class com.seeyon.ctp.rest.resources.TaskResource
  class com.seeyon.ctp.rest.resources.MessageResource
  class com.seeyon.ctp.rest.resources.NewsResource
  class com.seeyon.ctp.rest.resources.AffairResource
  class com.seeyon.ctp.rest.resources.DataResource
  class com.seeyon.ctp.rest.resources.TokenResource
  class com.seeyon.ctp.rest.resources.OrgLevelsResource
  class com.seeyon.ctp.rest.resources.ReportResource
  class com.seeyon.ctp.rest.resources.CaleventResource
  class com.seeyon.ctp.rest.resources.LbsResource
  class com.seeyon.ctp.rest.resources.MeetingResource
  class com.seeyon.ctp.rest.resources.AccountResource
  class com.seeyon.ctp.rest.resources.PlansResource
  class com.seeyon.ctp.rest.resources.UcResource
  class com.seeyon.ctp.rest.resources.CaleventsResource
  class com.seeyon.ctp.rest.resources.FlowResource
  class com.seeyon.ctp.rest.resources.DepartmentResource
  class com.seeyon.ctp.rest.resources.BulletinResource
  class com.seeyon.ctp.rest.resources.ProductResource
  class com.seeyon.ctp.rest.resources.PostResource
  class com.seeyon.ctp.rest.resources.MemberResource
  class com.seeyon.ctp.rest.resources.OrgLevelResource
  class com.seeyon.ctp.rest.resources.DepartmentsResource
  class com.seeyon.ctp.rest.resources.AccountsResource
  class com.seeyon.ctp.rest.resources.EdocSummaryResource
  class com.seeyon.ctp.rest.resources.PojoResource
  class com.seeyon.ctp.rest.resources.FormResource
  class com.seeyon.ctp.rest.resources.AffairDataResource
  class com.seeyon.ctp.rest.resources.MembersResource
  class com.seeyon.ctp.rest.resources.PostsResource
  class com.seeyon.ctp.rest.resources.PlanResource
  class com.seeyon.ctp.rest.resources.EnumResource
  class com.seeyon.ctp.rest.resources.TasksResource
2018-9-9 19:36:43 com.sun.jersey.api.core.ScanningResourceConfig logClasses
信息: Provider classes found:
  class org.codehaus.jackson.jaxrs.JsonMappingExceptionMapper
  class com.seeyon.ctp.rest.resources.RestExceptionMapper
  class org.codehaus.jackson.jaxrs.JsonParseExceptionMapper
  class org.codehaus.jackson.jaxrs.JacksonJaxbJsonProvider
  class com.seeyon.ctp.rest.resources.JacksonMapperProvider
  class org.codehaus.jackson.jaxrs.JacksonJsonProvider
2018-9-9 19:36:43 com.sun.jersey.server.impl.application.WebApplicationImpl _initiate
信息: Initiating Jersey application, version 'Jersey: 1.17.1 02/28/2013 12:47 PM'
2018-9-9 19:39:09 org.apache.catalina.startup.HostConfig deployDirectory
信息: Deploying web application directory org
2018-9-9 19:39:09 org.apache.catalina.startup.HostConfig deployDirectory
信息: Deploying web application directory seeyonreport
2018-9-9 19:39:12 org.apache.coyote.http11.Http11Protocol start
信息: Starting Coyote HTTP/1.1 on http-89
2018-9-9 19:39:12 org.apache.jk.common.ChannelSocket init
信息: JK: ajp13 listening on /0.0.0.0:8951
2018-9-9 19:39:12 org.apache.jk.server.JkMain start
信息: Jk running ID=0 time=0/28  config=null
2018-9-9 19:39:12 org.apache.catalina.startup.Catalina start
信息: Server startup in 161521 ms
